<?xml version="1.0" encoding="UTF-8" ?>
<testsuites>
 <testsuite name="OpenAmazon_script" package="Script-Demo.suite" timestamp="2022-03-16 21:18:51.954 -0500"
 tests="1"  failures="1" errors="1" time="32.305000">
  <properties>
   <property name="RunDate" value="2022-03-16 21:18:51.954 -0500"/>
   <property name="Status" value="Failure"/>
  </properties>
  <testcase name="OpenAmazon.script" assertions="1" status="error"  time="32.273">
    <failure type="FAILURE" message="Image Not Found: click Error - No Text Found On Screen: &quot;(TEXT:&quot;Amazon&quot;)&quot;. Text not found. -- Execution Time 0:00:32 OpenAmazon.script" />
    <error type="Exception" message="No Text Found On Screen: &quot;(TEXT:&quot;Amazon&quot;)&quot;. Text not found." />
  </testcase>
 </testsuite>
</testsuites>
